<?xml version="1.0" encoding="UTF-8"?>
<!-- Generated by org.testng.reporters.JUnitReportReporter -->
<testsuite hostname="ASHI" failures="0" tests="1" name="com.selenium.SampleSelenium.SampleSelGoogleTest2" time="1.174" errors="0" timestamp="10 May 2022 06:35:26 GMT">
  <testcase classname="com.selenium.SampleSelenium.SampleSelGoogleTest2" name="sampleSelGoogleTest2" time="1.174"/>
</testsuite> <!-- com.selenium.SampleSelenium.SampleSelGoogleTest2 -->
